<?xml version="1.0" encoding="UTF-8"?>
<testsuite xmlns:xsi="http://www.w3.org/2001/XMLSchema-instance" xsi:noNamespaceSchemaLocation="https://maven.apache.org/surefire/maven-surefire-plugin/xsd/surefire-test-report.xsd" name="testRun.TestRunner" time="53.52" tests="3" errors="0" skipped="0" failures="2">
  <properties>
[...]
</properties>
  <testcase name="runScenario" classname="testRun.TestRunner" time="10.253">
    <failure message="session not created&#10;from no such execution context: uniqueContextId not found&#10;  (Session info: chrome=114.0.5735.110)&#10;Build info: version: &apos;3.141.59&apos;, revision: &apos;e82be7d358&apos;, time: &apos;2018-11-14T08:17:03&apos;&#10;System info: host: &apos;DESKTOP-QNHJ5Q7&apos;, ip: &apos;10.0.0.1&apos;, os.name: &apos;Windows 10&apos;, os.arch: &apos;amd64&apos;, os.version: &apos;10.0&apos;, java.version: &apos;1.8.0_333&apos;&#10;Driver info: driver.version: ChromeDriver&#10;remote stacktrace: Backtrace:&#10;	GetHandleVerifier [0x008BA813+48355]&#10;	(No symbol) [0x0084C4B1]&#10;	(No symbol) [0x00755358]&#10;	(No symbol) [0x007489B0]&#10;	(No symbol) [0x00747138]&#10;	(No symbol) [0x007477AA]&#10;	(No symbol) [0x00758417]&#10;	(No symbol) [0x007599E1]&#10;	(No symbol) [0x00759A80]&#10;	(No symbol) [0x007A1F1B]&#10;	(No symbol) [0x007A093C]&#10;	(No symbol) [0x0079A536]&#10;	(No symbol) [0x007782DC]&#10;	(No symbol) [0x007793DD]&#10;	GetHandleVerifier [0x00B1AABD+2539405]&#10;	GetHandleVerifier [0x00B5A78F+2800735]&#10;	GetHandleVerifier [0x00B5456C+2775612]&#10;	GetHandleVerifier [0x009451E0+616112]&#10;	(No symbol) [0x00855F8C]&#10;	(No symbol) [0x00852328]&#10;	(No symbol) [0x0085240B]&#10;	(No symbol) [0x00844FF7]&#10;	BaseThreadInitThunk [0x770100C9+25]&#10;	RtlGetAppContainerNamedObjectPath [0x77167B4E+286]&#10;	RtlGetAppContainerNamedObjectPath [0x77167B1E+238]&#10;" type="org.openqa.selenium.SessionNotCreatedException">org.openqa.selenium.SessionNotCreatedException: 
session not created
from no such execution context: uniqueContextId not found
  (Session info: chrome=114.0.5735.110)
Build info: version: '3.141.59', revision: 'e82be7d358', time: '2018-11-14T08:17:03'
System info: host: 'DESKTOP-QNHJ5Q7', ip: '10.0.0.1', os.name: 'Windows 10', os.arch: 'amd64', os.version: '10.0', java.version: '1.8.0_333'
Driver info: driver.version: ChromeDriver
remote stacktrace: Backtrace:
	GetHandleVerifier [0x008BA813+48355]
	(No symbol) [0x0084C4B1]
	(No symbol) [0x00755358]
	(No symbol) [0x007489B0]
	(No symbol) [0x00747138]
	(No symbol) [0x007477AA]
	(No symbol) [0x00758417]
	(No symbol) [0x007599E1]
	(No symbol) [0x00759A80]
	(No symbol) [0x007A1F1B]
	(No symbol) [0x007A093C]
	(No symbol) [0x0079A536]
	(No symbol) [0x007782DC]
	(No symbol) [0x007793DD]
	GetHandleVerifier [0x00B1AABD+2539405]
	GetHandleVerifier [0x00B5A78F+2800735]
	GetHandleVerifier [0x00B5456C+2775612]
	GetHandleVerifier [0x009451E0+616112]
	(No symbol) [0x00855F8C]
	(No symbol) [0x00852328]
	(No symbol) [0x0085240B]
	(No symbol) [0x00844FF7]
	BaseThreadInitThunk [0x770100C9+25]
	RtlGetAppContainerNamedObjectPath [0x77167B4E+286]
	RtlGetAppContainerNamedObjectPath [0x77167B1E+238]

</failure>
    <system-out><![CDATA[
@regression
Scenario: Search Customer by Name                                        # Features/Customers1.feature:44

@sanity @regression
Scenario: Add new Customer                                                                # Features/Customers1.feature:5

@regression
Scenario: Search Customer by EMailID                                     # Features/Customers1.feature:26
 INFO [TestNG-PoolService-0] (Stepdef.java:55)- ScnearioName: Add new Customer
 INFO [TestNG-PoolService-1] (Stepdef.java:55)- ScnearioName: Search Customer by EMailID
 INFO [TestNG-PoolService-2] (Stepdef.java:55)- ScnearioName: Search Customer by Name
====================executeBeforeEachLine=====================
 INFO [TestNG-PoolService-0] (Stepdef.java:96)- ************* Launching Browser *****************
  Given User Launch Chrome browser                                                        # stepDef.Stepdef.user_Launch_Chrome_browser()
====================executeBeforeEachLine=====================
 INFO [TestNG-PoolService-0] (Stepdef.java:110)- ************* Opening URL  *****************
  When User opens URL "http://admin-demo.nopcommerce.com/login"                           # stepDef.Stepdef.user_opens_URL(java.lang.String)
====================executeBeforeEachLine=====================
 INFO [TestNG-PoolService-0] (Stepdef.java:117)- ************* Prvding user and password *****************
 INFO [TestNG-PoolService-0] (Stepdef.java:118)- ************* user details: *****************admin@yourstore.com : admin
      org.openqa.selenium.SessionNotCreatedException: session not created
from no such execution context: uniqueContextId not found
  (Session info: chrome=114.0.5735.110)
Build info: version: '3.141.59', revision: 'e82be7d358', time: '2018-11-14T08:17:03'
System info: host: 'DESKTOP-QNHJ5Q7', ip: '10.0.0.1', os.name: 'Windows 10', os.arch: 'amd64', os.version: '10.0', java.version: '1.8.0_333'
Driver info: driver.version: ChromeDriver
remote stacktrace: Backtrace:
	GetHandleVerifier [0x008BA813+48355]
	(No symbol) [0x0084C4B1]
	(No symbol) [0x00755358]
	(No symbol) [0x007489B0]
	(No symbol) [0x00747138]
	(No symbol) [0x007477AA]
	(No symbol) [0x00758417]
	(No symbol) [0x007599E1]
	(No symbol) [0x00759A80]
	(No symbol) [0x007A1F1B]
	(No symbol) [0x007A093C]
	(No symbol) [0x0079A536]
	(No symbol) [0x007782DC]
	(No symbol) [0x007793DD]
	GetHandleVerifier [0x00B1AABD+2539405]
	GetHandleVerifier [0x00B5A78F+2800735]
	GetHandleVerifier [0x00B5456C+2775612]
	GetHandleVerifier [0x009451E0+616112]
	(No symbol) [0x00855F8C]
	(No symbol) [0x00852328]
	(No symbol) [0x0085240B]
	(No symbol) [0x00844FF7]
	BaseThreadInitThunk [0x770100C9+25]
	RtlGetAppContainerNamedObjectPath [0x77167B4E+286]
	RtlGetAppContainerNamedObjectPath [0x77167B1E+238]

	at sun.reflect.NativeConstructorAccessorImpl.newInstance0(Native Method)
	at sun.reflect.NativeConstructorAccessorImpl.newInstance(NativeConstructorAccessorImpl.java:62)
	at sun.reflect.DelegatingConstructorAccessorImpl.newInstance(DelegatingConstructorAccessorImpl.java:45)
	at java.lang.reflect.Constructor.newInstance(Constructor.java:423)
	at org.openqa.selenium.remote.W3CHandshakeResponse.lambda$errorHandler$0(W3CHandshakeResponse.java:62)
	at org.openqa.selenium.remote.HandshakeResponse.lambda$getResponseFunction$0(HandshakeResponse.java:30)
	at org.openqa.selenium.remote.ProtocolHandshake.lambda$createSession$0(ProtocolHandshake.java:126)
	at java.util.stream.ReferencePipeline$3$1.accept(ReferencePipeline.java:193)
	at java.util.Spliterators$ArraySpliterator.tryAdvance(Spliterators.java:958)
	at java.util.stream.ReferencePipeline.forEachWithCancel(ReferencePipeline.java:126)
	at java.util.stream.AbstractPipeline.copyIntoWithCancel(AbstractPipeline.java:499)
	at java.util.stream.AbstractPipeline.copyInto(AbstractPipeline.java:486)
	at java.util.stream.AbstractPipeline.wrapAndCopyInto(AbstractPipeline.java:472)
	at java.util.stream.FindOps$FindOp.evaluateSequential(FindOps.java:152)
	at java.util.stream.AbstractPipeline.evaluate(AbstractPipeline.java:234)
	at java.util.stream.ReferencePipeline.findFirst(ReferencePipeline.java:464)
	at org.openqa.selenium.remote.ProtocolHandshake.createSession(ProtocolHandshake.java:128)
	at org.openqa.selenium.remote.ProtocolHandshake.createSession(ProtocolHandshake.java:74)
	at org.openqa.selenium.remote.HttpCommandExecutor.execute(HttpCommandExecutor.java:136)
	at org.openqa.selenium.remote.service.DriverCommandExecutor.execute(DriverCommandExecutor.java:83)
	at org.openqa.selenium.remote.RemoteWebDriver.execute(RemoteWebDriver.java:552)
	at org.openqa.selenium.remote.RemoteWebDriver.startSession(RemoteWebDriver.java:213)
	at org.openqa.selenium.remote.RemoteWebDriver.<init>(RemoteWebDriver.java:131)
	at org.openqa.selenium.chrome.ChromeDriver.<init>(ChromeDriver.java:181)
	at org.openqa.selenium.chrome.ChromeDriver.<init>(ChromeDriver.java:168)
	at org.openqa.selenium.chrome.ChromeDriver.<init>(ChromeDriver.java:123)
	at stepDef.Stepdef.setup(Stepdef.java:73)

  Given User Launch Chrome browser                                       # stepDef.Stepdef.user_Launch_Chrome_browser()
  When User opens URL "http://admin-demo.nopcommerce.com/login"          # stepDef.Stepdef.user_opens_URL(java.lang.String)
  And User enters Email as "admin@yourstore.com" and Password as "admin" # stepDef.Stepdef.user_enters_Email_as_and_Password_as(java.lang.String,java.lang.String)
  And Click on Login                                                     # stepDef.Stepdef.click_on_Login()
  Then User can view Dashboad                                            # stepDef.Stepdef.user_can_view_Dashboad()
  When User click on customers Menu                                      # stepDef.Stepdef.user_click_on_customers_Menu()
  And click on customers Menu Item                                       # stepDef.Stepdef.click_on_customers_Menu_Item()
  And Enter customer EMail                                               # stepDef.Stepdef.enter_customer_EMail()
  When Click on search button                                            # stepDef.Stepdef.click_on_search_button()
  Then User should found Email in the Search table                       # stepDef.Stepdef.user_should_found_Email_in_the_Search_table()
  And close browser                                                      # stepDef.Stepdef.close_browser()
]]></system-out>
    <system-err><![CDATA[SLF4J: Failed to load class "org.slf4j.impl.StaticLoggerBinder".
SLF4J: Defaulting to no-operation (NOP) logger implementation
SLF4J: See http://www.slf4j.org/codes.html#StaticLoggerBinder for further details.
Starting ChromeDriver 114.0.5735.90 (386bc09e8f4f2e025eddae123f36f6263096ae49-refs/branch-heads/5735@{#1052}) on port 32980
Only local connections are allowed.
Please see https://chromedriver.chromium.org/security-considerations for suggestions on keeping ChromeDriver safe.
Starting ChromeDriver 114.0.5735.90 (386bc09e8f4f2e025eddae123f36f6263096ae49-refs/branch-heads/5735@{#1052}) on port 10331
Only local connections are allowed.
Please see https://chromedriver.chromium.org/security-considerations for suggestions on keeping ChromeDriver safe.
ChromeDriver was started successfully.
ChromeDriver was started successfully.
Starting ChromeDriver 114.0.5735.90 (386bc09e8f4f2e025eddae123f36f6263096ae49-refs/branch-heads/5735@{#1052}) on port 5568
Only local connections are allowed.
Please see https://chromedriver.chromium.org/security-considerations for suggestions on keeping ChromeDriver safe.
ChromeDriver was started successfully.
Jun 07, 2023 11:59:21 PM org.openqa.selenium.remote.ProtocolHandshake createSession
INFO: Detected dialect: W3C
]]></system-err>
  </testcase>
  <testcase name="runScenario" classname="testRun.TestRunner" time="10.65">
    <failure message="session not created&#10;from no such execution context: loader has changed while resolving nodes&#10;  (Session info: chrome=114.0.5735.110)&#10;Build info: version: &apos;3.141.59&apos;, revision: &apos;e82be7d358&apos;, time: &apos;2018-11-14T08:17:03&apos;&#10;System info: host: &apos;DESKTOP-QNHJ5Q7&apos;, ip: &apos;10.0.0.1&apos;, os.name: &apos;Windows 10&apos;, os.arch: &apos;amd64&apos;, os.version: &apos;10.0&apos;, java.version: &apos;1.8.0_333&apos;&#10;Driver info: driver.version: ChromeDriver&#10;remote stacktrace: Backtrace:&#10;	GetHandleVerifier [0x008BA813+48355]&#10;	(No symbol) [0x0084C4B1]&#10;	(No symbol) [0x00755358]&#10;	(No symbol) [0x00757D86]&#10;	(No symbol) [0x007599E1]&#10;	(No symbol) [0x00759A80]&#10;	(No symbol) [0x007A1F1B]&#10;	(No symbol) [0x007A093C]&#10;	(No symbol) [0x0079A536]&#10;	(No symbol) [0x007782DC]&#10;	(No symbol) [0x007793DD]&#10;	GetHandleVerifier [0x00B1AABD+2539405]&#10;	GetHandleVerifier [0x00B5A78F+2800735]&#10;	GetHandleVerifier [0x00B5456C+2775612]&#10;	GetHandleVerifier [0x009451E0+616112]&#10;	(No symbol) [0x00855F8C]&#10;	(No symbol) [0x00852328]&#10;	(No symbol) [0x0085240B]&#10;	(No symbol) [0x00844FF7]&#10;	BaseThreadInitThunk [0x770100C9+25]&#10;	RtlGetAppContainerNamedObjectPath [0x77167B4E+286]&#10;	RtlGetAppContainerNamedObjectPath [0x77167B1E+238]&#10;" type="org.openqa.selenium.SessionNotCreatedException">org.openqa.selenium.SessionNotCreatedException: 
session not created
from no such execution context: loader has changed while resolving nodes
  (Session info: chrome=114.0.5735.110)
Build info: version: '3.141.59', revision: 'e82be7d358', time: '2018-11-14T08:17:03'
System info: host: 'DESKTOP-QNHJ5Q7', ip: '10.0.0.1', os.name: 'Windows 10', os.arch: 'amd64', os.version: '10.0', java.version: '1.8.0_333'
Driver info: driver.version: ChromeDriver
remote stacktrace: Backtrace:
	GetHandleVerifier [0x008BA813+48355]
	(No symbol) [0x0084C4B1]
	(No symbol) [0x00755358]
	(No symbol) [0x00757D86]
	(No symbol) [0x007599E1]
	(No symbol) [0x00759A80]
	(No symbol) [0x007A1F1B]
	(No symbol) [0x007A093C]
	(No symbol) [0x0079A536]
	(No symbol) [0x007782DC]
	(No symbol) [0x007793DD]
	GetHandleVerifier [0x00B1AABD+2539405]
	GetHandleVerifier [0x00B5A78F+2800735]
	GetHandleVerifier [0x00B5456C+2775612]
	GetHandleVerifier [0x009451E0+616112]
	(No symbol) [0x00855F8C]
	(No symbol) [0x00852328]
	(No symbol) [0x0085240B]
	(No symbol) [0x00844FF7]
	BaseThreadInitThunk [0x770100C9+25]
	RtlGetAppContainerNamedObjectPath [0x77167B4E+286]
	RtlGetAppContainerNamedObjectPath [0x77167B1E+238]

</failure>
    <system-out><![CDATA[ INFO [TestNG-PoolService-0] (Stepdef.java:135)- ************* entered user and password on application $$$$*****************
  And User enters Email as "admin@yourstore.com" and Password as "admin"                  # stepDef.Stepdef.user_enters_Email_as_and_Password_as(java.lang.String,java.lang.String)
====================executeBeforeEachLine=====================
 INFO [TestNG-PoolService-0] (Stepdef.java:148)- ************* click on login *****************
      org.openqa.selenium.SessionNotCreatedException: session not created
from no such execution context: loader has changed while resolving nodes
  (Session info: chrome=114.0.5735.110)
Build info: version: '3.141.59', revision: 'e82be7d358', time: '2018-11-14T08:17:03'
System info: host: 'DESKTOP-QNHJ5Q7', ip: '10.0.0.1', os.name: 'Windows 10', os.arch: 'amd64', os.version: '10.0', java.version: '1.8.0_333'
Driver info: driver.version: ChromeDriver
remote stacktrace: Backtrace:
	GetHandleVerifier [0x008BA813+48355]
	(No symbol) [0x0084C4B1]
	(No symbol) [0x00755358]
	(No symbol) [0x00757D86]
	(No symbol) [0x007599E1]
	(No symbol) [0x00759A80]
	(No symbol) [0x007A1F1B]
	(No symbol) [0x007A093C]
	(No symbol) [0x0079A536]
	(No symbol) [0x007782DC]
	(No symbol) [0x007793DD]
	GetHandleVerifier [0x00B1AABD+2539405]
	GetHandleVerifier [0x00B5A78F+2800735]
	GetHandleVerifier [0x00B5456C+2775612]
	GetHandleVerifier [0x009451E0+616112]
	(No symbol) [0x00855F8C]
	(No symbol) [0x00852328]
	(No symbol) [0x0085240B]
	(No symbol) [0x00844FF7]
	BaseThreadInitThunk [0x770100C9+25]
	RtlGetAppContainerNamedObjectPath [0x77167B4E+286]
	RtlGetAppContainerNamedObjectPath [0x77167B1E+238]

	at sun.reflect.NativeConstructorAccessorImpl.newInstance0(Native Method)
	at sun.reflect.NativeConstructorAccessorImpl.newInstance(NativeConstructorAccessorImpl.java:62)
	at sun.reflect.DelegatingConstructorAccessorImpl.newInstance(DelegatingConstructorAccessorImpl.java:45)
	at java.lang.reflect.Constructor.newInstance(Constructor.java:423)
	at org.openqa.selenium.remote.W3CHandshakeResponse.lambda$errorHandler$0(W3CHandshakeResponse.java:62)
	at org.openqa.selenium.remote.HandshakeResponse.lambda$getResponseFunction$0(HandshakeResponse.java:30)
	at org.openqa.selenium.remote.ProtocolHandshake.lambda$createSession$0(ProtocolHandshake.java:126)
	at java.util.stream.ReferencePipeline$3$1.accept(ReferencePipeline.java:193)
	at java.util.Spliterators$ArraySpliterator.tryAdvance(Spliterators.java:958)
	at java.util.stream.ReferencePipeline.forEachWithCancel(ReferencePipeline.java:126)
	at java.util.stream.AbstractPipeline.copyIntoWithCancel(AbstractPipeline.java:499)
	at java.util.stream.AbstractPipeline.copyInto(AbstractPipeline.java:486)
	at java.util.stream.AbstractPipeline.wrapAndCopyInto(AbstractPipeline.java:472)
	at java.util.stream.FindOps$FindOp.evaluateSequential(FindOps.java:152)
	at java.util.stream.AbstractPipeline.evaluate(AbstractPipeline.java:234)
	at java.util.stream.ReferencePipeline.findFirst(ReferencePipeline.java:464)
	at org.openqa.selenium.remote.ProtocolHandshake.createSession(ProtocolHandshake.java:128)
	at org.openqa.selenium.remote.ProtocolHandshake.createSession(ProtocolHandshake.java:74)
	at org.openqa.selenium.remote.HttpCommandExecutor.execute(HttpCommandExecutor.java:136)
	at org.openqa.selenium.remote.service.DriverCommandExecutor.execute(DriverCommandExecutor.java:83)
	at org.openqa.selenium.remote.RemoteWebDriver.execute(RemoteWebDriver.java:552)
	at org.openqa.selenium.remote.RemoteWebDriver.startSession(RemoteWebDriver.java:213)
	at org.openqa.selenium.remote.RemoteWebDriver.<init>(RemoteWebDriver.java:131)
	at org.openqa.selenium.chrome.ChromeDriver.<init>(ChromeDriver.java:181)
	at org.openqa.selenium.chrome.ChromeDriver.<init>(ChromeDriver.java:168)
	at org.openqa.selenium.chrome.ChromeDriver.<init>(ChromeDriver.java:123)
	at stepDef.Stepdef.setup(Stepdef.java:73)

  Given User Launch Chrome browser                                       # stepDef.Stepdef.user_Launch_Chrome_browser()
  When User opens URL "http://admin-demo.nopcommerce.com/login"          # stepDef.Stepdef.user_opens_URL(java.lang.String)
  And User enters Email as "admin@yourstore.com" and Password as "admin" # stepDef.Stepdef.user_enters_Email_as_and_Password_as(java.lang.String,java.lang.String)
  And Click on Login                                                     # stepDef.Stepdef.click_on_Login()
  Then User can view Dashboad                                            # stepDef.Stepdef.user_can_view_Dashboad()
  When User click on customers Menu                                      # stepDef.Stepdef.user_click_on_customers_Menu()
  And click on customers Menu Item                                       # stepDef.Stepdef.click_on_customers_Menu_Item()
  And Enter customer FirstName                                           # stepDef.Stepdef.enter_customer_FirstName()
  And Enter customer LastName                                            # stepDef.Stepdef.enter_customer_LastName()
  When Click on search button                                            # stepDef.Stepdef.click_on_search_button()
  Then User should found Name in the Search table                        # stepDef.Stepdef.user_should_found_Name_in_the_Search_table()
  And close browser                                                      # stepDef.Stepdef.close_browser()
]]></system-out>
  </testcase>
  <testcase name="runScenario" classname="testRun.TestRunner" time="51.651"/>
</testsuite>